<?xml version='1.0' encoding='UTF-8'?>
<testsuite hostname="localhost.localdomain" name="edu.knoldus.daoImpl.ClientDaoImplTest" tests="4" errors="0" failures="0" time="0.571">
                     <properties>
[...]
</properties>
                     <testcase classname="edu.knoldus.daoImpl.ClientDaoImplTest" name="test createClient()" time="0.225">
                                                 
                                               </testcase><testcase classname="edu.knoldus.daoImpl.ClientDaoImplTest" name="test updateClient()" time="0.191">
                                                 
                                               </testcase><testcase classname="edu.knoldus.daoImpl.ClientDaoImplTest" name="test getClient()" time="0.01">
                                                 
                                               </testcase><testcase classname="edu.knoldus.daoImpl.ClientDaoImplTest" name="test removeClient()" time="0.145">
                                                 
                                               </testcase>
                     <system-out></system-out>
                     <system-err></system-err>
                   </testsuite>