[0m[[0mdebug[0m] [0mRunning TaskDef(edu.knoldus.daoImpl.DepartmentDaoImplTest, org.scalatest.tools.Framework$$anon$1@72f8a0eb, false, [SuiteSelector])[0m
[0m[[0mdebug[0m] [0mRunning TaskDef(edu.knoldus.daoImpl.ProjectDaoImplTest, org.scalatest.tools.Framework$$anon$1@72f8a0eb, false, [SuiteSelector])[0m
[0m[[0mdebug[0m] [0mRunning TaskDef(edu.knoldus.daoImpl.EmployeeDaoImplTest, org.scalatest.tools.Framework$$anon$1@72f8a0eb, false, [SuiteSelector])[0m
[0m[[0mdebug[0m] [0mRunning TaskDef(edu.knoldus.mysqlworkder.MysqlWorkerTest, org.scalatest.tools.Framework$$anon$1@72f8a0eb, false, [SuiteSelector])[0m
[0m[[0mdebug[0m] [0mRunning TaskDef(edu.knoldus.daoImpl.ClientDaoImplTest, org.scalatest.tools.Framework$$anon$1@72f8a0eb, false, [SuiteSelector])[0m
[0m[[0minfo[0m] [0m[36mRun completed in 3 seconds, 251 milliseconds.[0m[0m
[0m[[0minfo[0m] [0m[36mTotal number of tests run: 22[0m[0m
[0m[[0minfo[0m] [0m[36mSuites: completed 5, aborted 0[0m[0m
[0m[[0minfo[0m] [0m[36mTests: succeeded 13, failed 9, canceled 0, ignored 0, pending 0[0m[0m
[0m[[0minfo[0m] [0m[31m*** 9 TESTS FAILED ***[0m[0m
[0m[[0mdebug[0m] [0mPassed tests:[0m
[0m[[0mdebug[0m] [0m	edu.knoldus.daoImpl.ClientDaoImplTest[0m
[0m[[31merror[0m] [0mFailed tests:[0m
[0m[[31merror[0m] [0m	edu.knoldus.mysqlworkder.MysqlWorkerTest[0m
[0m[[31merror[0m] [0m	edu.knoldus.daoImpl.DepartmentDaoImplTest[0m
[0m[[31merror[0m] [0m	edu.knoldus.daoImpl.ProjectDaoImplTest[0m
[0m[[31merror[0m] [0m	edu.knoldus.daoImpl.EmployeeDaoImplTest[0m
[0m[[31merror[0m] [0m(test:[31mtest[0m) sbt.TestsFailedException: Tests unsuccessful[0m
